<?xml version="1.0" encoding="utf-8"?>
<TestRun id="8351ee0c-6d3b-4635-bba4-ea08c5a5bf09" name="George@GRWKST23 2025-08-24 14:22:22" runUser="GRWKST23\George" xmlns="http://microsoft.com/schemas/VisualStudio/TeamTest/2010">
  <Times creation="2025-08-24T14:22:22.8434479-04:00" queuing="2025-08-24T14:22:22.8434482-04:00" start="2025-08-24T14:22:21.9362153-04:00" finish="2025-08-24T14:22:22.8488799-04:00" />
  <TestSettings name="default" id="a97cb33d-a60d-4283-9066-c412843bedc3">
    <Deployment runDeploymentRoot="George_GRWKST23_2025-08-24_14_22_22" />
  </TestSettings>
  <Results>
    <UnitTestResult executionId="5778868b-f5e8-4945-8dc1-3f8e2aa90c60" testId="31937e66-47ca-02f6-d4ca-78755a222c20" testName="Sanity.It_Works" computerName="GRWKST23" duration="00:00:00.0027765" startTime="2025-08-24T14:22:22.7173998-04:00" endTime="2025-08-24T14:22:22.7174268-04:00" testType="13cdc9d9-ddb5-4fa4-a97d-d965ccfc6d4b" outcome="Passed" testListId="8c84fa94-04c1-424b-9868-57a2d4851a1d" relativeResultsDirectory="5778868b-f5e8-4945-8dc1-3f8e2aa90c60" />
  </Results>
  <TestDefinitions>
    <UnitTest name="Sanity.It_Works" storage="c:\work\experimental\tuxedo\tuxedo\tuxedo\tests\tuxedo.tests\bin\release\net6.0\tuxedo.tests.dll" id="31937e66-47ca-02f6-d4ca-78755a222c20">
      <Execution id="5778868b-f5e8-4945-8dc1-3f8e2aa90c60" />
      <TestMethod codeBase="C:\work\Experimental\Tuxedo\Tuxedo\Tuxedo\tests\Tuxedo.Tests\bin\Release\net6.0\Tuxedo.Tests.dll" adapterTypeName="executor://xunit/VsTestRunner2/netcoreapp" className="Sanity" name="It_Works" />
    </UnitTest>
  </TestDefinitions>
  <TestEntries>
    <TestEntry testId="31937e66-47ca-02f6-d4ca-78755a222c20" executionId="5778868b-f5e8-4945-8dc1-3f8e2aa90c60" testListId="8c84fa94-04c1-424b-9868-57a2d4851a1d" />
  </TestEntries>
  <TestLists>
    <TestList name="Results Not in a List" id="8c84fa94-04c1-424b-9868-57a2d4851a1d" />
    <TestList name="All Loaded Results" id="19431567-8539-422a-85d7-44ee4e166bda" />
  </TestLists>
  <ResultSummary outcome="Completed">
    <Counters total="1" executed="1" passed="1" failed="0" error="0" timeout="0" aborted="0" inconclusive="0" passedButRunAborted="0" notRunnable="0" notExecuted="0" disconnected="0" warning="0" completed="0" inProgress="0" pending="0" />
    <Output>
      <StdOut>[xUnit.net 00:00:00.00] xUnit.net VSTest Adapter v2.5.7+8f2703126a (64-bit .NET 6.0.36)&#xD;
[xUnit.net 00:00:00.10]   Discovering: Tuxedo.Tests&#xD;
[xUnit.net 00:00:00.15]   Discovered:  Tuxedo.Tests&#xD;
[xUnit.net 00:00:00.15]   Starting:    Tuxedo.Tests&#xD;
[xUnit.net 00:00:00.24]   Finished:    Tuxedo.Tests&#xD;
</StdOut>
    </Output>
  </ResultSummary>
</TestRun>